[debug] [2025-08-21T12:30:36.033Z] ----------------------------------------------------------------------
[debug] [2025-08-21T12:30:36.036Z] Command:       C:\Program Files\nodejs\node.exe C:\Users\bynac\AppData\Roaming\npm\node_modules\firebase-tools\lib\bin\firebase.js deploy
[debug] [2025-08-21T12:30:36.036Z] CLI Version:   14.13.0
[debug] [2025-08-21T12:30:36.036Z] Platform:      win32
[debug] [2025-08-21T12:30:36.036Z] Node Version:  v22.18.0
[debug] [2025-08-21T12:30:36.037Z] Time:          Thu Aug 21 2025 09:30:36 GMT-0300 (hora estándar de Argentina)
[debug] [2025-08-21T12:30:36.037Z] ----------------------------------------------------------------------
[debug] 
[debug] [2025-08-21T12:30:36.254Z] > command requires scopes: ["email","openid","https://www.googleapis.com/auth/cloudplatformprojects.readonly","https://www.googleapis.com/auth/firebase","https://www.googleapis.com/auth/cloud-platform"]
[debug] [2025-08-21T12:30:36.255Z] > authorizing via signed-in user (campopianoignacio@gmail.com)
[debug] [2025-08-21T12:30:36.256Z] [iam] checking project app-asistencia-estudiant-4644b for permissions ["cloudfunctions.functions.create","cloudfunctions.functions.delete","cloudfunctions.functions.get","cloudfunctions.functions.list","cloudfunctions.functions.update","cloudfunctions.operations.get","firebase.projects.get","firebasehosting.sites.update"]
[debug] [2025-08-21T12:30:36.257Z] Checked if tokens are valid: true, expires at: 1755781736840
[debug] [2025-08-21T12:30:36.258Z] Checked if tokens are valid: true, expires at: 1755781736840
[debug] [2025-08-21T12:30:36.259Z] >>> [apiv2][query] POST https://cloudresourcemanager.googleapis.com/v1/projects/app-asistencia-estudiant-4644b:testIamPermissions [none]
[debug] [2025-08-21T12:30:36.259Z] >>> [apiv2][(partial)header] POST https://cloudresourcemanager.googleapis.com/v1/projects/app-asistencia-estudiant-4644b:testIamPermissions x-goog-quota-user=projects/app-asistencia-estudiant-4644b
[debug] [2025-08-21T12:30:36.259Z] >>> [apiv2][body] POST https://cloudresourcemanager.googleapis.com/v1/projects/app-asistencia-estudiant-4644b:testIamPermissions {"permissions":["cloudfunctions.functions.create","cloudfunctions.functions.delete","cloudfunctions.functions.get","cloudfunctions.functions.list","cloudfunctions.functions.update","cloudfunctions.operations.get","firebase.projects.get","firebasehosting.sites.update"]}
[debug] [2025-08-21T12:30:37.445Z] <<< [apiv2][status] POST https://cloudresourcemanager.googleapis.com/v1/projects/app-asistencia-estudiant-4644b:testIamPermissions 200
[debug] [2025-08-21T12:30:37.446Z] <<< [apiv2][body] POST https://cloudresourcemanager.googleapis.com/v1/projects/app-asistencia-estudiant-4644b:testIamPermissions {"permissions":["cloudfunctions.functions.create","cloudfunctions.functions.delete","cloudfunctions.functions.get","cloudfunctions.functions.list","cloudfunctions.functions.update","cloudfunctions.operations.get","firebase.projects.get","firebasehosting.sites.update"]}
[debug] [2025-08-21T12:30:37.447Z] Checked if tokens are valid: true, expires at: 1755781736840
[debug] [2025-08-21T12:30:37.447Z] Checked if tokens are valid: true, expires at: 1755781736840
[debug] [2025-08-21T12:30:37.448Z] >>> [apiv2][query] POST https://iam.googleapis.com/v1/projects/app-asistencia-estudiant-4644b/serviceAccounts/app-asistencia-estudiant-4644b@appspot.gserviceaccount.com:testIamPermissions [none]
[debug] [2025-08-21T12:30:37.448Z] >>> [apiv2][body] POST https://iam.googleapis.com/v1/projects/app-asistencia-estudiant-4644b/serviceAccounts/app-asistencia-estudiant-4644b@appspot.gserviceaccount.com:testIamPermissions {"permissions":["iam.serviceAccounts.actAs"]}
[debug] [2025-08-21T12:30:38.653Z] <<< [apiv2][status] POST https://iam.googleapis.com/v1/projects/app-asistencia-estudiant-4644b/serviceAccounts/app-asistencia-estudiant-4644b@appspot.gserviceaccount.com:testIamPermissions 200
[debug] [2025-08-21T12:30:38.653Z] <<< [apiv2][body] POST https://iam.googleapis.com/v1/projects/app-asistencia-estudiant-4644b/serviceAccounts/app-asistencia-estudiant-4644b@appspot.gserviceaccount.com:testIamPermissions {"permissions":["iam.serviceAccounts.actAs"]}
[debug] [2025-08-21T12:30:38.654Z] Checked if tokens are valid: true, expires at: 1755781736840
[debug] [2025-08-21T12:30:38.654Z] Checked if tokens are valid: true, expires at: 1755781736840
[debug] [2025-08-21T12:30:38.655Z] >>> [apiv2][query] GET https://firebase.googleapis.com/v1beta1/projects/app-asistencia-estudiant-4644b [none]
[debug] [2025-08-21T12:30:39.341Z] <<< [apiv2][status] GET https://firebase.googleapis.com/v1beta1/projects/app-asistencia-estudiant-4644b 200
[debug] [2025-08-21T12:30:39.341Z] <<< [apiv2][body] GET https://firebase.googleapis.com/v1beta1/projects/app-asistencia-estudiant-4644b {"projectId":"app-asistencia-estudiant-4644b","projectNumber":"244136287239","displayName":"app-asistencia-estudiantil","name":"projects/app-asistencia-estudiant-4644b","resources":{"hostingSite":"app-asistencia-estudiant-4644b"},"state":"ACTIVE","etag":"1_718816f2-107d-4adc-a075-04a827565194"}
[info] 
[info] === Deploying to 'app-asistencia-estudiant-4644b'...
[info] 
[info] i  deploying functions, hosting 
[info] Running command: npm --prefix "$RESOURCE_DIR" run lint
[error] 
[error] Error: functions predeploy error: Command terminated with non-zero exit code 1
[debug] [2025-08-21T12:34:32.947Z] ----------------------------------------------------------------------
[debug] [2025-08-21T12:34:32.950Z] Command:       C:\Program Files\nodejs\node.exe C:\Users\bynac\AppData\Roaming\npm\node_modules\firebase-tools\lib\bin\firebase.js deploy
[debug] [2025-08-21T12:34:32.951Z] CLI Version:   14.13.0
[debug] [2025-08-21T12:34:32.951Z] Platform:      win32
[debug] [2025-08-21T12:34:32.951Z] Node Version:  v22.18.0
[debug] [2025-08-21T12:34:32.951Z] Time:          Thu Aug 21 2025 09:34:32 GMT-0300 (hora estándar de Argentina)
[debug] [2025-08-21T12:34:32.951Z] ----------------------------------------------------------------------
[debug] 
[debug] [2025-08-21T12:34:33.158Z] Checked if tokens are valid: true, expires at: 1755781736840
[debug] [2025-08-21T12:34:33.159Z] Checked if tokens are valid: true, expires at: 1755781736840
[debug] [2025-08-21T12:34:33.160Z] >>> [apiv2][query] POST https://iam.googleapis.com/v1/projects/undefined/serviceAccounts/undefined@appspot.gserviceaccount.com:testIamPermissions [none]
[debug] [2025-08-21T12:34:33.160Z] >>> [apiv2][body] POST https://iam.googleapis.com/v1/projects/undefined/serviceAccounts/undefined@appspot.gserviceaccount.com:testIamPermissions {"permissions":["iam.serviceAccounts.actAs"]}
[debug] [2025-08-21T12:34:34.134Z] <<< [apiv2][status] POST https://iam.googleapis.com/v1/projects/undefined/serviceAccounts/undefined@appspot.gserviceaccount.com:testIamPermissions 404
[debug] [2025-08-21T12:34:34.135Z] <<< [apiv2][body] POST https://iam.googleapis.com/v1/projects/undefined/serviceAccounts/undefined@appspot.gserviceaccount.com:testIamPermissions {"error":{"code":404,"message":"Unknown service account","status":"NOT_FOUND"}}
[debug] [2025-08-21T12:34:34.136Z] [functions] service account IAM check errored, deploy may fail: Request to https://iam.googleapis.com/v1/projects/undefined/serviceAccounts/undefined@appspot.gserviceaccount.com:testIamPermissions had HTTP Error: 404, Unknown service account {"name":"FirebaseError","children":[],"context":{"body":{"error":{"code":404,"message":"Unknown service account","status":"NOT_FOUND"}},"response":{"statusCode":404}},"exit":1,"message":"Request to https://iam.googleapis.com/v1/projects/undefined/serviceAccounts/undefined@appspot.gserviceaccount.com:testIamPermissions had HTTP Error: 404, Unknown service account","status":404}
[error] 
[error] Error: No currently active project.
To run this command, you need to specify a project. You have two options:
- Run this command with --project <alias_or_project_id>.
- Set an active project by running firebase use --add, then rerun this command.
To list all the Firebase projects to which you have access, run firebase projects:list.
To learn about active projects for the CLI, visit https://firebase.google.com/docs/cli#project_aliases


[debug] [2025-08-21T12:35:19.697Z] ----------------------------------------------------------------------
[debug] [2025-08-21T12:35:19.700Z] Command:       C:\Program Files\nodejs\node.exe C:\Users\bynac\AppData\Roaming\npm\node_modules\firebase-tools\lib\bin\firebase.js deploy --project app-asistencia-estudiant-4644b
[debug] [2025-08-21T12:35:19.701Z] CLI Version:   14.13.0
[debug] [2025-08-21T12:35:19.701Z] Platform:      win32
[debug] [2025-08-21T12:35:19.701Z] Node Version:  v22.18.0
[debug] [2025-08-21T12:35:19.701Z] Time:          Thu Aug 21 2025 09:35:19 GMT-0300 (hora estándar de Argentina)
[debug] [2025-08-21T12:35:19.701Z] ----------------------------------------------------------------------
[debug] 
[debug] [2025-08-21T12:35:19.906Z] > command requires scopes: ["email","openid","https://www.googleapis.com/auth/cloudplatformprojects.readonly","https://www.googleapis.com/auth/firebase","https://www.googleapis.com/auth/cloud-platform"]
[debug] [2025-08-21T12:35:19.906Z] > authorizing via signed-in user (campopianoignacio@gmail.com)
[debug] [2025-08-21T12:35:19.907Z] [iam] checking project app-asistencia-estudiant-4644b for permissions ["cloudfunctions.functions.create","cloudfunctions.functions.delete","cloudfunctions.functions.get","cloudfunctions.functions.list","cloudfunctions.functions.update","cloudfunctions.operations.get","firebase.projects.get","firebasehosting.sites.update"]
[debug] [2025-08-21T12:35:19.908Z] Checked if tokens are valid: true, expires at: 1755781736840
[debug] [2025-08-21T12:35:19.908Z] Checked if tokens are valid: true, expires at: 1755781736840
[debug] [2025-08-21T12:35:19.909Z] >>> [apiv2][query] POST https://cloudresourcemanager.googleapis.com/v1/projects/app-asistencia-estudiant-4644b:testIamPermissions [none]
[debug] [2025-08-21T12:35:19.909Z] >>> [apiv2][(partial)header] POST https://cloudresourcemanager.googleapis.com/v1/projects/app-asistencia-estudiant-4644b:testIamPermissions x-goog-quota-user=projects/app-asistencia-estudiant-4644b
[debug] [2025-08-21T12:35:19.910Z] >>> [apiv2][body] POST https://cloudresourcemanager.googleapis.com/v1/projects/app-asistencia-estudiant-4644b:testIamPermissions {"permissions":["cloudfunctions.functions.create","cloudfunctions.functions.delete","cloudfunctions.functions.get","cloudfunctions.functions.list","cloudfunctions.functions.update","cloudfunctions.operations.get","firebase.projects.get","firebasehosting.sites.update"]}
[debug] [2025-08-21T12:35:20.804Z] <<< [apiv2][status] POST https://cloudresourcemanager.googleapis.com/v1/projects/app-asistencia-estudiant-4644b:testIamPermissions 200
[debug] [2025-08-21T12:35:20.805Z] <<< [apiv2][body] POST https://cloudresourcemanager.googleapis.com/v1/projects/app-asistencia-estudiant-4644b:testIamPermissions {"permissions":["cloudfunctions.functions.create","cloudfunctions.functions.delete","cloudfunctions.functions.get","cloudfunctions.functions.list","cloudfunctions.functions.update","cloudfunctions.operations.get","firebase.projects.get","firebasehosting.sites.update"]}
[debug] [2025-08-21T12:35:20.805Z] Checked if tokens are valid: true, expires at: 1755781736840
[debug] [2025-08-21T12:35:20.805Z] Checked if tokens are valid: true, expires at: 1755781736840
[debug] [2025-08-21T12:35:20.806Z] >>> [apiv2][query] POST https://iam.googleapis.com/v1/projects/app-asistencia-estudiant-4644b/serviceAccounts/app-asistencia-estudiant-4644b@appspot.gserviceaccount.com:testIamPermissions [none]
[debug] [2025-08-21T12:35:20.806Z] >>> [apiv2][body] POST https://iam.googleapis.com/v1/projects/app-asistencia-estudiant-4644b/serviceAccounts/app-asistencia-estudiant-4644b@appspot.gserviceaccount.com:testIamPermissions {"permissions":["iam.serviceAccounts.actAs"]}
[debug] [2025-08-21T12:35:21.997Z] <<< [apiv2][status] POST https://iam.googleapis.com/v1/projects/app-asistencia-estudiant-4644b/serviceAccounts/app-asistencia-estudiant-4644b@appspot.gserviceaccount.com:testIamPermissions 200
[debug] [2025-08-21T12:35:21.997Z] <<< [apiv2][body] POST https://iam.googleapis.com/v1/projects/app-asistencia-estudiant-4644b/serviceAccounts/app-asistencia-estudiant-4644b@appspot.gserviceaccount.com:testIamPermissions {"permissions":["iam.serviceAccounts.actAs"]}
[debug] [2025-08-21T12:35:21.998Z] Checked if tokens are valid: true, expires at: 1755781736840
[debug] [2025-08-21T12:35:21.999Z] Checked if tokens are valid: true, expires at: 1755781736840
[debug] [2025-08-21T12:35:22.000Z] >>> [apiv2][query] GET https://firebase.googleapis.com/v1beta1/projects/app-asistencia-estudiant-4644b [none]
[debug] [2025-08-21T12:35:22.678Z] <<< [apiv2][status] GET https://firebase.googleapis.com/v1beta1/projects/app-asistencia-estudiant-4644b 200
[debug] [2025-08-21T12:35:22.678Z] <<< [apiv2][body] GET https://firebase.googleapis.com/v1beta1/projects/app-asistencia-estudiant-4644b {"projectId":"app-asistencia-estudiant-4644b","projectNumber":"244136287239","displayName":"app-asistencia-estudiantil","name":"projects/app-asistencia-estudiant-4644b","resources":{"hostingSite":"app-asistencia-estudiant-4644b"},"state":"ACTIVE","etag":"1_718816f2-107d-4adc-a075-04a827565194"}
[info] 
[info] === Deploying to 'app-asistencia-estudiant-4644b'...
[info] 
[info] i  deploying functions, hosting 
[debug] [2025-08-21T12:35:22.683Z] Checked if tokens are valid: true, expires at: 1755781736840
[debug] [2025-08-21T12:35:22.684Z] Checked if tokens are valid: true, expires at: 1755781736840
[debug] [2025-08-21T12:35:22.684Z] >>> [apiv2][query] GET https://serviceusage.googleapis.com/v1/projects/app-asistencia-estudiant-4644b/services/cloudresourcemanager.googleapis.com [none]
[debug] [2025-08-21T12:35:22.684Z] >>> [apiv2][(partial)header] GET https://serviceusage.googleapis.com/v1/projects/app-asistencia-estudiant-4644b/services/cloudresourcemanager.googleapis.com x-goog-quota-user=projects/app-asistencia-estudiant-4644b
[debug] [2025-08-21T12:35:23.770Z] <<< [apiv2][status] GET https://serviceusage.googleapis.com/v1/projects/app-asistencia-estudiant-4644b/services/cloudresourcemanager.googleapis.com 200
[debug] [2025-08-21T12:35:23.770Z] <<< [apiv2][body] GET https://serviceusage.googleapis.com/v1/projects/app-asistencia-estudiant-4644b/services/cloudresourcemanager.googleapis.com [omitted]
[debug] [2025-08-21T12:35:23.782Z] Checked if tokens are valid: true, expires at: 1755781736840
[debug] [2025-08-21T12:35:23.783Z] Checked if tokens are valid: true, expires at: 1755781736840
[debug] [2025-08-21T12:35:23.783Z] >>> [apiv2][query] GET https://cloudresourcemanager.googleapis.com/v1/projects/app-asistencia-estudiant-4644b [none]
[debug] [2025-08-21T12:35:23.997Z] <<< [apiv2][status] GET https://cloudresourcemanager.googleapis.com/v1/projects/app-asistencia-estudiant-4644b 200
[debug] [2025-08-21T12:35:23.997Z] <<< [apiv2][body] GET https://cloudresourcemanager.googleapis.com/v1/projects/app-asistencia-estudiant-4644b {"projectNumber":"244136287239","projectId":"app-asistencia-estudiant-4644b","lifecycleState":"ACTIVE","name":"app-asistencia-estudiantil","labels":{"firebase":"enabled","firebase-core":"disabled"},"createTime":"2025-08-21T12:04:38.919853Z"}
[info] i  functions: preparing codebase default for deployment 
[info] i  functions: ensuring required API cloudfunctions.googleapis.com is enabled... 
[info] i  functions: ensuring required API cloudbuild.googleapis.com is enabled... 
[debug] [2025-08-21T12:35:24.003Z] Checked if tokens are valid: true, expires at: 1755781736840
[debug] [2025-08-21T12:35:24.004Z] Checked if tokens are valid: true, expires at: 1755781736840
[info] i  artifactregistry: ensuring required API artifactregistry.googleapis.com is enabled... 
[debug] [2025-08-21T12:35:24.005Z] Checked if tokens are valid: true, expires at: 1755781736840
[debug] [2025-08-21T12:35:24.005Z] Checked if tokens are valid: true, expires at: 1755781736840
[debug] [2025-08-21T12:35:24.006Z] >>> [apiv2][query] GET https://serviceusage.googleapis.com/v1/projects/app-asistencia-estudiant-4644b/services/cloudbuild.googleapis.com [none]
[debug] [2025-08-21T12:35:24.006Z] >>> [apiv2][(partial)header] GET https://serviceusage.googleapis.com/v1/projects/app-asistencia-estudiant-4644b/services/cloudbuild.googleapis.com x-goog-quota-user=projects/app-asistencia-estudiant-4644b
[debug] [2025-08-21T12:35:24.008Z] >>> [apiv2][query] GET https://serviceusage.googleapis.com/v1/projects/app-asistencia-estudiant-4644b/services/artifactregistry.googleapis.com [none]
[debug] [2025-08-21T12:35:24.008Z] >>> [apiv2][(partial)header] GET https://serviceusage.googleapis.com/v1/projects/app-asistencia-estudiant-4644b/services/artifactregistry.googleapis.com x-goog-quota-user=projects/app-asistencia-estudiant-4644b
[debug] [2025-08-21T12:35:24.401Z] <<< [apiv2][status] GET https://serviceusage.googleapis.com/v1/projects/app-asistencia-estudiant-4644b/services/cloudbuild.googleapis.com 200
[debug] [2025-08-21T12:35:24.401Z] <<< [apiv2][body] GET https://serviceusage.googleapis.com/v1/projects/app-asistencia-estudiant-4644b/services/cloudbuild.googleapis.com [omitted]
[warn] !  functions: missing required API cloudbuild.googleapis.com. Enabling now... 
[debug] [2025-08-21T12:35:24.403Z] Checked if tokens are valid: true, expires at: 1755781736840
[debug] [2025-08-21T12:35:24.403Z] Checked if tokens are valid: true, expires at: 1755781736840
[debug] [2025-08-21T12:35:24.404Z] >>> [apiv2][query] POST https://serviceusage.googleapis.com/v1/projects/app-asistencia-estudiant-4644b/services/cloudbuild.googleapis.com:enable [none]
[debug] [2025-08-21T12:35:24.404Z] >>> [apiv2][(partial)header] POST https://serviceusage.googleapis.com/v1/projects/app-asistencia-estudiant-4644b/services/cloudbuild.googleapis.com:enable x-goog-quota-user=projects/app-asistencia-estudiant-4644b
[debug] [2025-08-21T12:35:25.047Z] <<< [apiv2][status] GET https://serviceusage.googleapis.com/v1/projects/app-asistencia-estudiant-4644b/services/artifactregistry.googleapis.com 200
[debug] [2025-08-21T12:35:25.047Z] <<< [apiv2][body] GET https://serviceusage.googleapis.com/v1/projects/app-asistencia-estudiant-4644b/services/artifactregistry.googleapis.com [omitted]
[warn] !  artifactregistry: missing required API artifactregistry.googleapis.com. Enabling now... 
[debug] [2025-08-21T12:35:25.048Z] Checked if tokens are valid: true, expires at: 1755781736840
[debug] [2025-08-21T12:35:25.048Z] Checked if tokens are valid: true, expires at: 1755781736840
[debug] [2025-08-21T12:35:25.049Z] >>> [apiv2][query] POST https://serviceusage.googleapis.com/v1/projects/app-asistencia-estudiant-4644b/services/artifactregistry.googleapis.com:enable [none]
[debug] [2025-08-21T12:35:25.049Z] >>> [apiv2][(partial)header] POST https://serviceusage.googleapis.com/v1/projects/app-asistencia-estudiant-4644b/services/artifactregistry.googleapis.com:enable x-goog-quota-user=projects/app-asistencia-estudiant-4644b
[debug] [2025-08-21T12:35:25.379Z] <<< [apiv2][status] POST https://serviceusage.googleapis.com/v1/projects/app-asistencia-estudiant-4644b/services/cloudbuild.googleapis.com:enable 400
[debug] [2025-08-21T12:35:25.380Z] <<< [apiv2][body] POST https://serviceusage.googleapis.com/v1/projects/app-asistencia-estudiant-4644b/services/cloudbuild.googleapis.com:enable [omitted]
[error] 
[error] Error: Your project app-asistencia-estudiant-4644b must be on the Blaze (pay-as-you-go) plan to complete this command. Required API cloudbuild.googleapis.com can't be enabled until the upgrade is complete. To upgrade, visit the following URL:

https://console.firebase.google.com/project/app-asistencia-estudiant-4644b/usage/details
